This file contains any messages produced by compilers while
running configure, to aid debugging if configure makes a mistake.

It was created by configure, which was
generated by GNU Autoconf 2.52.20121002.  Invocation command line was

  $ ./configure --host=arm-linux-androideabi

## ---------- ##
## Platform.  ##
## ---------- ##

hostname = localhost
uname -m = armv7l
uname -r = 3.4.0-5652399
uname -s = Linux
uname -v = #1 SMP PREEMPT Fri Aug 21 14:42:38 KST 2015

/usr/bin/uname -p = unknown
/bin/uname -X     = unknown

/bin/arch              = unknown
/usr/bin/arch -k       = unknown
/usr/convex/getsysinfo = unknown
hostinfo               = unknown
/bin/machine           = unknown
/usr/bin/oslevel       = unknown
/bin/universe          = unknown

PATH = /busybox-virtual:/data/data/com.n0n3m4.droidc/files/:/data/data/com.n0n3m4.droidc/files/gcc/bin:/data/data/com.n0n3m4.droidc/files/gcc/usr/bin:/data/data/com.n0n3m4.droidc/files/gcc/arm-linux-androideabi/bin/:/data/data/com.n0n3m4.droidc/files/gcc/jdk:/data/local/bin:/system/bin:/system/xbin

## ------------ ##
## Core tests.  ##
## ------------ ##

configure:948: PATH=".;."; conftest.sh
./configure: line 956: conftest.sh: not found
configure:951: $? = 127
configure:993: checking build system type
configure:1011: result: armv7l-unknown-linux-gnueabi
configure:1018: checking host system type
configure:1032: result: arm-unknown-linux-androideabi
configure:1040: checking target system type
configure:1054: result: arm-unknown-linux-androideabi
configure:1086: result: Configuring for linux-androideabi
configure:1119: checking for arm-linux-androideabi-gcc
configure:1134: found /data/data/com.n0n3m4.droidc/files/gcc/bin/arm-linux-androideabi-gcc
configure:1142: result: arm-linux-androideabi-gcc
configure:1405: checking for C compiler version
configure:1408: arm-linux-androideabi-gcc --version </dev/null >&5
arm-linux-androideabi-gcc (GCC) 5.3.0
Copyright (C) 2015 Free Software Foundation, Inc.
This is free software; see the source for copying conditions.  There is NO
warranty; not even for MERCHANTABILITY or FITNESS FOR A PARTICULAR PURPOSE.

configure:1411: $? = 0
configure:1413: arm-linux-androideabi-gcc -v </dev/null >&5
Using built-in specs.
COLLECT_GCC=arm-linux-androideabi-gcc
Target: arm-linux-androideabi
Configured with: ../configure --host=arm-linux-gnueabi --target=arm-linux-androideabi --enable-static --disable-shared --enable-languages=c,c++ --enable-initfini-array --disable-lto --with-float=soft --with-fpu=vfp --with-arch=armv5te --disable-libquadmath --disable-multilib --disable-libgomp --disable-libmudflap --enable-target-optspace --enable-threads --disable-libatomic --disable-tls --disable-nls --disable-sjlj-exceptions --disable-libstdc++-v3 --disable-libsanitizer --disable-plugins --disable-libgcc --disable-libssp --disable-docs --disable-libitm --with-gnu-as --with-gnu-ld --prefix=/home/n0n3m4/Desktop/C4droid/prog/c4droid/OutDir --with-mpc=/home/n0n3m4/Desktop/C4droid/prog/c4droid/mpc --with-mpfr=/home/n0n3m4/Desktop/C4droid/prog/c4droid/mpfr --with-gmp=/home/n0n3m4/Desktop/C4droid/prog/c4droid/gmp
Thread model: posix
gcc version 5.3.0 (GCC) 
configure:1416: $? = 0
configure:1418: arm-linux-androideabi-gcc -V </dev/null >&5
arm-linux-androideabi-gcc: error: unrecognized command line option '-V'
arm-linux-androideabi-gcc: fatal error: no input files
compilation terminated.
configure:1421: $? = 1
configure:1441: checking for C compiler default output
configure:1444: arm-linux-androideabi-gcc -Os -s -pie -Os -s -pie  conftest.c  >&5
configure:1447: $? = 0
configure:1476: result: a.out
configure:1481: checking whether the C compiler works
configure:1487: ./a.out
./a.out: line 1: syntax error: unexpected word (expecting ")")
configure:1490: $? = 2
configure:1505: result: yes
configure:1512: checking whether we are cross compiling
configure:1514: result: yes
configure:1517: checking for executable suffix
configure:1519: arm-linux-androideabi-gcc -o conftest -Os -s -pie -Os -s -pie  conftest.c  >&5
configure:1522: $? = 0
configure:1544: result: 
configure:1550: checking for object suffix
configure:1568: arm-linux-androideabi-gcc -c -Os -s -pie -Os -s -pie conftest.c >&5
configure:1571: $? = 0
configure:1590: result: o
configure:1594: checking whether we are using the GNU C compiler
configure:1615: arm-linux-androideabi-gcc -c -Os -s -pie -Os -s -pie conftest.c >&5
configure:1618: $? = 0
configure:1621: test -s conftest.o
configure:1624: $? = 0
configure:1636: result: yes
configure:1642: checking whether arm-linux-androideabi-gcc accepts -g
configure:1660: arm-linux-androideabi-gcc -c -g -Os -s -pie conftest.c >&5
configure:1663: $? = 0
configure:1666: test -s conftest.o
configure:1669: $? = 0
configure:1679: result: yes
configure:1706: arm-linux-androideabi-gcc -c -Os -s -pie -Os -s -pie conftest.c >&5
conftest.c:2:3: error: unknown type name 'choke'
   choke me
   ^
conftest.c:2:3: error: expected '=', ',', ';', 'asm' or '__attribute__' at end of input
configure:1709: $? = 1
configure: failed program was:
#ifndef __cplusplus
  choke me
#endif
configure:1810: checking version of arm-linux-androideabi-gcc
configure:1814: result: 5.3.0
configure:1818: checking for arm-linux-androideabi-gcc option to accept ANSI C
configure:1875: arm-linux-androideabi-gcc  -c -Os -s -pie -Os -s -pie conftest.c >&5
configure:1878: $? = 0
configure:1881: test -s conftest.o
configure:1884: $? = 0
configure:1901: result: none needed
configure:1912: checking $CC variable
configure:2004: result: ok
configure:2009: checking whether make sets ${MAKE}
configure:2033: result: no
configure:2050: checking for a BSD compatible install
configure:2099: result: ./install-sh -c
configure:2110: checking if filesystem supports mixed-case filenames
configure:2137: result: yes
configure:2148: checking for exctags
configure:2174: result: no
configure:2148: checking for ctags
configure:2174: result: no
configure:2185: checking for exetags
configure:2211: result: no
configure:2185: checking for etags
configure:2211: result: no
configure:2220: checking for ctags
configure:2244: result: no
configure:2254: checking for etags
configure:2278: result: no
configure:2305: checking for mawk
configure:2331: result: no
configure:2305: checking for gawk
configure:2331: result: no
configure:2305: checking for nawk
configure:2331: result: no
configure:2305: checking for awk
configure:2320: found /busybox-virtual/awk
configure:2328: result: awk
configure:2346: checking for tdlint
configure:2372: result: no
configure:2346: checking for lint
configure:2372: result: no
configure:2346: checking for alint
configure:2372: result: no
configure:2346: checking for splint
configure:2372: result: no
configure:2346: checking for lclint
configure:2372: result: no
configure:2417: checking if we must define _GNU_SOURCE
configure:2439: arm-linux-androideabi-gcc -c -Os -s -pie -Os -s -pie conftest.c >&5
configure: In function 'main':
configure:2431:1: error: unknown type name 'make'
 #ifndef _XOPEN_SOURCE
 ^
configure:2431:9: error: expected '=', ',', ';', 'asm' or '__attribute__' before 'error'
 #ifndef _XOPEN_SOURCE
         ^
configure:2442: $? = 1
configure: failed program was:
#line 2424 "configure"
#include "confdefs.h"
#include <sys/types.h>
int
main ()
{

#ifndef _XOPEN_SOURCE
make an error
#endif
  ;
  return 0;
}
configure:2472: arm-linux-androideabi-gcc -c -Os -s -pie -Os -s -pie -D_GNU_SOURCE conftest.c >&5
configure:2475: $? = 0
configure:2478: test -s conftest.o
configure:2481: $? = 0
configure:2496: result: no
configure:3274: checking if _XOPEN_SOURCE really is set
configure:3292: arm-linux-androideabi-gcc -c -Os -s -pie -Os -s -pie conftest.c >&5
configure: In function 'main':
configure:3284:1: error: unknown type name 'make'
 #ifndef _XOPEN_SOURCE
 ^
configure:3284:9: error: expected '=', ',', ';', 'asm' or '__attribute__' before 'error'
 #ifndef _XOPEN_SOURCE
         ^
configure:3295: $? = 1
configure: failed program was:
#line 3277 "configure"
#include "confdefs.h"
#include <stdlib.h>
int
main ()
{

#ifndef _XOPEN_SOURCE
make an error
#endif
  ;
  return 0;
}
configure:3310: result: no
configure:3355: checking if we should define _XOPEN_SOURCE
configure:3381: arm-linux-androideabi-gcc -c -Os -s -pie -Os -s -pie conftest.c >&5
configure: In function 'main':
configure:3373:1: error: unknown type name 'make'
 #ifndef _XOPEN_SOURCE
 ^
configure:3373:9: error: expected '=', ',', ';', 'asm' or '__attribute__' before 'error'
 #ifndef _XOPEN_SOURCE
         ^
configure:3384: $? = 1
configure: failed program was:
#line 3362 "configure"
#include "confdefs.h"

#include <stdlib.h>
#include <string.h>
#include <sys/types.h>

int
main ()
{

#ifndef _XOPEN_SOURCE
make an error
#endif
  ;
  return 0;
}
configure:3418: arm-linux-androideabi-gcc -c -Os -s -pie -Os -s -pie -D_XOPEN_SOURCE=500 conftest.c >&5
configure: In function 'main':
configure:3410:1: error: unknown type name 'make'
 #ifdef _XOPEN_SOURCE
 ^
configure:3410:9: error: expected '=', ',', ';', 'asm' or '__attribute__' before 'error'
 #ifdef _XOPEN_SOURCE
         ^
configure:3421: $? = 1
configure: failed program was:
#line 3399 "configure"
#include "confdefs.h"

#include <stdlib.h>
#include <string.h>
#include <sys/types.h>

int
main ()
{

#ifdef _XOPEN_SOURCE
make an error
#endif
  ;
  return 0;
}
configure:3442: result: 500
configure:3546: checking how to run the C preprocessor
configure:3572: arm-linux-androideabi-gcc -E -Os -s -pie  -D_XOPEN_SOURCE=500 conftest.c
configure:3578: $? = 0
configure:3605: arm-linux-androideabi-gcc -E -Os -s -pie  -D_XOPEN_SOURCE=500 conftest.c
configure:3602:28: fatal error: ac_nonexistent.h: No such file or directory
compilation terminated.
configure:3611: $? = 1
configure: failed program was:
#line 3601 "configure"
#include "confdefs.h"
#include <ac_nonexistent.h>
configure:3648: result: arm-linux-androideabi-gcc -E
configure:3663: arm-linux-androideabi-gcc -E -Os -s -pie  -D_XOPEN_SOURCE=500 conftest.c
configure:3669: $? = 0
configure:3696: arm-linux-androideabi-gcc -E -Os -s -pie  -D_XOPEN_SOURCE=500 conftest.c
configure:3693:28: fatal error: ac_nonexistent.h: No such file or directory
compilation terminated.
configure:3702: $? = 1
configure: failed program was:
#line 3692 "configure"
#include "confdefs.h"
#include <ac_nonexistent.h>
configure:3745: checking for fcntl.h
configure:3755: arm-linux-androideabi-gcc -E -Os -s -pie  -D_XOPEN_SOURCE=500 conftest.c
configure:3761: $? = 0
configure:3780: result: yes
configure:3790: checking for working mkstemp
configure:3862: result: maybe
configure:3865: checking for mkstemp
configure:3902: arm-linux-androideabi-gcc -o conftest -Os -s -pie -Os -s -pie  -D_XOPEN_SOURCE=500  conftest.c  >&5
configure:3905: $? = 0
configure:3908: test -s conftest
configure:3911: $? = 0
configure:3921: result: yes
configure:3936: checking for vsnprintf
configure:3973: arm-linux-androideabi-gcc -o conftest -Os -s -pie -Os -s -pie  -D_XOPEN_SOURCE=500  conftest.c  >&5
configure:3952:6: warning: conflicting types for built-in function 'vsnprintf'
    builtin and then its argument prototype would still apply.  */
      ^
configure:3976: $? = 0
configure:3979: test -s conftest
configure:3982: $? = 0
configure:3992: result: yes
configure:4002: checking for maximum table size
configure:4027: result: default
configure:4031: checking if backtracking extension is wanted
configure:4039: result: 
configure:4054: checking if you want to check for gcc warnings
configure:4064: result: no
configure:4418: checking if you want to see long compiling messages
configure:4452: result: yes
configure:4455: checking if you want to use dmalloc for testing
configure:4472: result: no
configure:4667: checking if you want to use dbmalloc for testing
configure:4684: result: no
configure:4879: checking if you want to use valgrind for testing
configure:4896: result: no
configure:4989: checking if you want to perform memory-leak testing
configure:4999: result: no
configure:5095: creating ./config.status

## ----------------------- ##
## Running config.status.  ##
## ----------------------- ##

This file was extended by config.status 2.52.20121002, executed with
  CONFIG_FILES    = 
  CONFIG_HEADERS  = 
  CONFIG_LINKS    = 
  CONFIG_COMMANDS = 
  > ./config.status 
on localhost

config.status:5559: creating makefile
config.status:5712: creating config.h

## ----------------- ##
## Cache variables.  ##
## ----------------- ##

ac_cv_build='armv7l-unknown-linux-gnueabi'
ac_cv_build_alias='armv7l-unknown-linux-gnueabi'
ac_cv_c_compiler_gnu='yes'
ac_cv_env_CC_set=''
ac_cv_env_CC_value=''
ac_cv_env_CFLAGS_set='set'
ac_cv_env_CFLAGS_value='-Os -s -pie'
ac_cv_env_CPPFLAGS_set='set'
ac_cv_env_CPPFLAGS_value='-Os -s -pie'
ac_cv_env_CPP_set=''
ac_cv_env_CPP_value=''
ac_cv_env_LDFLAGS_set=''
ac_cv_env_LDFLAGS_value=''
ac_cv_env_build_alias_set=''
ac_cv_env_build_alias_value=''
ac_cv_env_host_alias_set='set'
ac_cv_env_host_alias_value='arm-linux-androideabi'
ac_cv_env_target_alias_set=''
ac_cv_env_target_alias_value=''
ac_cv_func_mkstemp='yes'
ac_cv_func_vsnprintf='yes'
ac_cv_header_fcntl_h='yes'
ac_cv_host='arm-unknown-linux-androideabi'
ac_cv_host_alias='arm-linux-androideabi'
ac_cv_objext='o'
ac_cv_prog_AWK='awk'
ac_cv_prog_CC='arm-linux-androideabi-gcc'
ac_cv_prog_CPP='arm-linux-androideabi-gcc -E'
ac_cv_prog_MAKE_LOWER_TAGS='no'
ac_cv_prog_MAKE_UPPER_TAGS='no'
ac_cv_prog_cc_g='yes'
ac_cv_prog_cc_stdc=''
ac_cv_prog_make_make_set='no'
ac_cv_target='arm-unknown-linux-androideabi'
ac_cv_target_alias='arm-linux-androideabi'
cf_cv_func_mkstemp='maybe'
cf_cv_gnu_source='no'
cf_cv_mixedcase='yes'
cf_cv_system_name='linux-androideabi'
cf_cv_xopen_source='500'

## ------------ ##
## confdefs.h.  ##
## ------------ ##

#define SYSTEM_NAME "linux-androideabi"
#define MIXEDCASE_FILENAMES 1
#define HAVE_FCNTL_H 1
#define HAVE_MKSTEMP 1
#define HAVE_VSNPRINTF 1


configure: exit 0
